<?xml version="1.0" encoding="UTF-8"?>
<testng-results ignored="0" total="1" passed="1" failed="0" skipped="0">
  <reporter-output>
  </reporter-output>
  <suite started-at="2022-06-07T13:48:18Z" name="Default suite" finished-at="2022-06-07T13:48:18Z" duration-ms="35">
    <groups>
    </groups>
    <test started-at="2022-06-07T13:48:18Z" name="Default test" finished-at="2022-06-07T13:48:18Z" duration-ms="35">
      <class name="org.sample.Sample">
        <test-method signature="test1()[pri:0, instance:org.sample.Sample@341814d3]" started-at="2022-06-07T13:48:18Z" name="test1" finished-at="2022-06-07T13:48:18Z" duration-ms="11" status="PASS">
          <reporter-output>
          </reporter-output>
        </test-method> <!-- test1 -->
      </class> <!-- org.sample.Sample -->
    </test> <!-- Default test -->
  </suite> <!-- Default suite -->
</testng-results>
